{"/Users/davesag/src/personal/IndependentReserveApp/app/screens/colours.js": {"path":"/Users/davesag/src/personal/IndependentReserveApp/app/screens/colours.js","statementMap":{"0":{"start":{"line":1,"column":22},"end":{"line":1,"column":31}},"1":{"start":{"line":2,"column":32},"end":{"line":2,"column":41}},"2":{"start":{"line":3,"column":31},"end":{"line":3,"column":40}}},"fnMap":{},"branchMap":{},"s":{"0":1,"1":1,"2":1},"f":{},"b":{},"_coverageSchema":"43e27e138ebf9cfc5966b082cf9a028302ed4184","hash":"c474bd9213f2bb79164798f7b9f3e9fad27e7b8e"}
,"/Users/davesag/src/personal/IndependentReserveApp/app/screens/styles.js": {"path":"/Users/davesag/src/personal/IndependentReserveApp/app/screens/styles.js","statementMap":{},"fnMap":{},"branchMap":{"0":{"loc":{"start":{"line":6,"column":9},"end":{"line":6,"column":66}},"type":"cond-expr","locations":[{"start":{"line":6,"column":33},"end":{"line":6,"column":35}}],"line":6},"1":{"loc":{"start":{"line":12,"column":18},"end":{"line":12,"column":75}},"type":"cond-expr","locations":[{"start":{"line":12,"column":42},"end":{"line":12,"column":44}}],"line":12}},"s":{},"f":{},"b":{"0":[1],"1":[1]},"_coverageSchema":"43e27e138ebf9cfc5966b082cf9a028302ed4184","hash":"b947a12ffd9e77de0943d1ec66938c20acacb2db"}
,"/Users/davesag/src/personal/IndependentReserveApp/app/screens/Splash/index.js": {"path":"/Users/davesag/src/personal/IndependentReserveApp/app/screens/Splash/index.js","statementMap":{"0":{"start":{"line":13,"column":21},"end":{"line":15,"column":3}},"1":{"start":{"line":18,"column":4},"end":{"line":22,"column":5}}},"fnMap":{"0":{"name":"(anonymous_0)","decl":{"start":{"line":17,"column":2},"end":{"line":17,"column":3}},"loc":{"start":{"line":17,"column":11},"end":{"line":23,"column":3}},"line":17}},"branchMap":{},"s":{"0":1,"1":1},"f":{"0":1},"b":{},"_coverageSchema":"43e27e138ebf9cfc5966b082cf9a028302ed4184","hash":"6bc5285ac3b07c0cb51a7f044db4dac3b48a4508"}
,"/Users/davesag/src/personal/IndependentReserveApp/app/services/persistence.js": {"path":"/Users/davesag/src/personal/IndependentReserveApp/app/services/persistence.js","statementMap":{"0":{"start":{"line":9,"column":25},"end":{"line":10,"column":70}},"1":{"start":{"line":10,"column":2},"end":{"line":10,"column":70}},"2":{"start":{"line":12,"column":23},"end":{"line":15,"column":1}},"3":{"start":{"line":13,"column":16},"end":{"line":13,"column":47}},"4":{"start":{"line":14,"column":2},"end":{"line":14,"column":41}},"5":{"start":{"line":17,"column":25},"end":{"line":17,"column":66}},"6":{"start":{"line":17,"column":38},"end":{"line":17,"column":66}},"7":{"start":{"line":23,"column":34},"end":{"line":23,"column":66}},"8":{"start":{"line":23,"column":46},"end":{"line":23,"column":66}}},"fnMap":{"0":{"name":"(anonymous_0)","decl":{"start":{"line":9,"column":25},"end":{"line":9,"column":26}},"loc":{"start":{"line":10,"column":2},"end":{"line":10,"column":70}},"line":10},"1":{"name":"(anonymous_1)","decl":{"start":{"line":12,"column":23},"end":{"line":12,"column":24}},"loc":{"start":{"line":12,"column":36},"end":{"line":15,"column":1}},"line":12},"2":{"name":"(anonymous_2)","decl":{"start":{"line":17,"column":25},"end":{"line":17,"column":26}},"loc":{"start":{"line":17,"column":38},"end":{"line":17,"column":66}},"line":17},"3":{"name":"(anonymous_3)","decl":{"start":{"line":23,"column":34},"end":{"line":23,"column":35}},"loc":{"start":{"line":23,"column":46},"end":{"line":23,"column":66}},"line":23}},"branchMap":{"0":{"loc":{"start":{"line":10,"column":2},"end":{"line":10,"column":70}},"type":"cond-expr","locations":[{"start":{"line":10,"column":10},"end":{"line":10,"column":58}},{"start":{"line":10,"column":61},"end":{"line":10,"column":70}}],"line":10},"1":{"loc":{"start":{"line":14,"column":9},"end":{"line":14,"column":41}},"type":"cond-expr","locations":[{"start":{"line":14,"column":17},"end":{"line":14,"column":34}},{"start":{"line":14,"column":37},"end":{"line":14,"column":41}}],"line":14}},"s":{"0":2,"1":2,"2":2,"3":2,"4":2,"5":2,"6":1,"7":2,"8":1},"f":{"0":2,"1":2,"2":1,"3":1},"b":{"0":[1,1],"1":[1,1]},"_coverageSchema":"43e27e138ebf9cfc5966b082cf9a028302ed4184","hash":"79ce9bd28d14037ce5717e2d709b6a04aef3e121"}
,"/Users/davesag/src/personal/IndependentReserveApp/app/services/ir/actions.js": {"path":"/Users/davesag/src/personal/IndependentReserveApp/app/services/ir/actions.js","statementMap":{"0":{"start":{"line":13,"column":4},"end":{"line":23,"column":2}}},"fnMap":{},"branchMap":{},"s":{"0":2},"f":{},"b":{},"_coverageSchema":"43e27e138ebf9cfc5966b082cf9a028302ed4184","hash":"ff798ad200d9913c42519c2aa90ec7a5ed4cb35d"}
,"/Users/davesag/src/personal/IndependentReserveApp/app/services/ir/reducer.js": {"path":"/Users/davesag/src/personal/IndependentReserveApp/app/services/ir/reducer.js","statementMap":{"0":{"start":{"line":3,"column":29},"end":{"line":9,"column":1}},"1":{"start":{"line":12,"column":27},"end":{"line":17,"column":2}},"2":{"start":{"line":12,"column":37},"end":{"line":17,"column":1}},"3":{"start":{"line":21,"column":34},"end":{"line":31,"column":2}},"4":{"start":{"line":24,"column":6},"end":{"line":31,"column":1}},"5":{"start":{"line":34,"column":31},"end":{"line":39,"column":2}},"6":{"start":{"line":34,"column":79},"end":{"line":39,"column":1}},"7":{"start":{"line":42,"column":24},"end":{"line":49,"column":2}},"8":{"start":{"line":42,"column":72},"end":{"line":49,"column":1}},"9":{"start":{"line":52,"column":31},"end":{"line":57,"column":2}},"10":{"start":{"line":52,"column":41},"end":{"line":57,"column":1}},"11":{"start":{"line":61,"column":28},"end":{"line":66,"column":2}},"12":{"start":{"line":61,"column":60},"end":{"line":66,"column":1}},"13":{"start":{"line":69,"column":25},"end":{"line":76,"column":2}},"14":{"start":{"line":69,"column":35},"end":{"line":76,"column":1}},"15":{"start":{"line":79,"column":32},"end":{"line":84,"column":2}},"16":{"start":{"line":79,"column":42},"end":{"line":84,"column":1}},"17":{"start":{"line":87,"column":29},"end":{"line":92,"column":2}},"18":{"start":{"line":87,"column":61},"end":{"line":92,"column":1}},"19":{"start":{"line":94,"column":24},"end":{"line":104,"column":1}}},"fnMap":{"0":{"name":"(anonymous_0)","decl":{"start":{"line":12,"column":27},"end":{"line":12,"column":28}},"loc":{"start":{"line":12,"column":37},"end":{"line":17,"column":1}},"line":12},"1":{"name":"(anonymous_1)","decl":{"start":{"line":21,"column":34},"end":{"line":21,"column":35}},"loc":{"start":{"line":24,"column":6},"end":{"line":31,"column":1}},"line":24},"2":{"name":"(anonymous_2)","decl":{"start":{"line":34,"column":31},"end":{"line":34,"column":32}},"loc":{"start":{"line":34,"column":79},"end":{"line":39,"column":1}},"line":34},"3":{"name":"(anonymous_3)","decl":{"start":{"line":42,"column":24},"end":{"line":42,"column":25}},"loc":{"start":{"line":42,"column":72},"end":{"line":49,"column":1}},"line":42},"4":{"name":"(anonymous_4)","decl":{"start":{"line":52,"column":31},"end":{"line":52,"column":32}},"loc":{"start":{"line":52,"column":41},"end":{"line":57,"column":1}},"line":52},"5":{"name":"(anonymous_5)","decl":{"start":{"line":61,"column":28},"end":{"line":61,"column":29}},"loc":{"start":{"line":61,"column":60},"end":{"line":66,"column":1}},"line":61},"6":{"name":"(anonymous_6)","decl":{"start":{"line":69,"column":25},"end":{"line":69,"column":26}},"loc":{"start":{"line":69,"column":35},"end":{"line":76,"column":1}},"line":69},"7":{"name":"(anonymous_7)","decl":{"start":{"line":79,"column":32},"end":{"line":79,"column":33}},"loc":{"start":{"line":79,"column":42},"end":{"line":84,"column":1}},"line":79},"8":{"name":"(anonymous_8)","decl":{"start":{"line":87,"column":29},"end":{"line":87,"column":30}},"loc":{"start":{"line":87,"column":61},"end":{"line":92,"column":1}},"line":87}},"branchMap":{"0":{"loc":{"start":{"line":38,"column":11},"end":{"line":38,"column":42}},"type":"cond-expr","locations":[{"start":{"line":38,"column":21},"end":{"line":38,"column":34}},{"start":{"line":38,"column":37},"end":{"line":38,"column":42}}],"line":38}},"s":{"0":1,"1":1,"2":1,"3":1,"4":1,"5":1,"6":2,"7":1,"8":1,"9":1,"10":1,"11":1,"12":1,"13":1,"14":1,"15":1,"16":1,"17":1,"18":1,"19":1},"f":{"0":1,"1":1,"2":2,"3":1,"4":1,"5":1,"6":1,"7":1,"8":1},"b":{"0":[1,1]},"_coverageSchema":"43e27e138ebf9cfc5966b082cf9a028302ed4184","hash":"939b01229312294ed588a103ee80edbc5f448400"}
,"/Users/davesag/src/personal/IndependentReserveApp/app/services/ir/saga.js": {"path":"/Users/davesag/src/personal/IndependentReserveApp/app/services/ir/saga.js","statementMap":{"0":{"start":{"line":15,"column":19},"end":{"line":15,"column":29}},"1":{"start":{"line":25,"column":4},"end":{"line":55,"column":5}},"2":{"start":{"line":27,"column":8},"end":{"line":33,"column":9}},"3":{"start":{"line":28,"column":10},"end":{"line":28,"column":41}},"4":{"start":{"line":29,"column":10},"end":{"line":30,"column":52}},"5":{"start":{"line":29,"column":20},"end":{"line":29,"column":55}},"6":{"start":{"line":30,"column":15},"end":{"line":30,"column":52}},"7":{"start":{"line":32,"column":10},"end":{"line":32,"column":41}},"8":{"start":{"line":36,"column":8},"end":{"line":43,"column":9}},"9":{"start":{"line":38,"column":10},"end":{"line":38,"column":38}},"10":{"start":{"line":39,"column":10},"end":{"line":39,"column":42}},"11":{"start":{"line":40,"column":10},"end":{"line":40,"column":38}},"12":{"start":{"line":42,"column":10},"end":{"line":42,"column":38}},"13":{"start":{"line":46,"column":8},"end":{"line":51,"column":9}},"14":{"start":{"line":47,"column":10},"end":{"line":47,"column":36}},"15":{"start":{"line":48,"column":10},"end":{"line":48,"column":39}},"16":{"start":{"line":50,"column":10},"end":{"line":50,"column":39}},"17":{"start":{"line":54,"column":8},"end":{"line":54,"column":13}},"18":{"start":{"line":59,"column":4},"end":{"line":59,"column":72}},"19":{"start":{"line":62,"column":2},"end":{"line":62,"column":28}}},"fnMap":{"0":{"name":"(anonymous_0)","decl":{"start":{"line":21,"column":15},"end":{"line":21,"column":16}},"loc":{"start":{"line":21,"column":21},"end":{"line":63,"column":1}},"line":21},"1":{"name":"worker","decl":{"start":{"line":22,"column":12},"end":{"line":22,"column":18}},"loc":{"start":{"line":22,"column":29},"end":{"line":56,"column":3}},"line":22},"2":{"name":"watcher","decl":{"start":{"line":58,"column":12},"end":{"line":58,"column":19}},"loc":{"start":{"line":58,"column":22},"end":{"line":60,"column":3}},"line":58}},"branchMap":{"0":{"loc":{"start":{"line":25,"column":4},"end":{"line":55,"column":5}},"type":"switch","locations":[{"start":{"line":26,"column":6},"end":{"line":34,"column":40}},{"start":{"line":35,"column":6},"end":{"line":44,"column":40}},{"start":{"line":45,"column":6},"end":{"line":52,"column":40}},{"start":{"line":53,"column":6},"end":{"line":54,"column":13}}],"line":25},"1":{"loc":{"start":{"line":29,"column":10},"end":{"line":30,"column":52}},"type":"if","locations":[{"start":{"line":29,"column":10},"end":{"line":30,"column":52}},{"start":{"line":29,"column":10},"end":{"line":30,"column":52}}],"line":29}},"s":{"0":1,"1":8,"2":3,"3":3,"4":2,"5":1,"6":1,"7":1,"8":2,"9":2,"10":2,"11":1,"12":1,"13":2,"14":2,"15":1,"16":1,"17":1,"18":1,"19":1},"f":{"0":1,"1":8,"2":1},"b":{"0":[3,2,2,1],"1":[1,1]},"_coverageSchema":"43e27e138ebf9cfc5966b082cf9a028302ed4184","hash":"351e3451b7fabee004a01b27f271f85318946ca4"}
,"/Users/davesag/src/personal/IndependentReserveApp/app/services/ir/selectors.js": {"path":"/Users/davesag/src/personal/IndependentReserveApp/app/services/ir/selectors.js","statementMap":{"0":{"start":{"line":1,"column":23},"end":{"line":4,"column":2}},"1":{"start":{"line":1,"column":59},"end":{"line":4,"column":1}}},"fnMap":{"0":{"name":"(anonymous_0)","decl":{"start":{"line":1,"column":23},"end":{"line":1,"column":24}},"loc":{"start":{"line":1,"column":59},"end":{"line":4,"column":1}},"line":1}},"branchMap":{},"s":{"0":2,"1":1},"f":{"0":1},"b":{},"_coverageSchema":"43e27e138ebf9cfc5966b082cf9a028302ed4184","hash":"71697a3ce5b5837952025ab2a809028102220f90"}
}
