{"/Users/davesag/src/personal/IndependentReserveApp/app/App.js": {"path":"/Users/davesag/src/personal/IndependentReserveApp/app/App.js","statementMap":{"0":{"start":{"line":11,"column":12},"end":{"line":15,"column":1}},"1":{"start":{"line":12,"column":2},"end":{"line":14,"column":13}}},"fnMap":{"0":{"name":"(anonymous_0)","decl":{"start":{"line":11,"column":12},"end":{"line":11,"column":13}},"loc":{"start":{"line":12,"column":2},"end":{"line":14,"column":13}},"line":12}},"branchMap":{},"s":{"0":1,"1":1},"f":{"0":1},"b":{},"_coverageSchema":"43e27e138ebf9cfc5966b082cf9a028302ed4184","hash":"9575d7b33dc5f59425ea7935690a21a37fd70ee1"}
,"/Users/davesag/src/personal/IndependentReserveApp/app/AppMain.js": {"path":"/Users/davesag/src/personal/IndependentReserveApp/app/AppMain.js","statementMap":{"0":{"start":{"line":18,"column":23},"end":{"line":26,"column":1}},"1":{"start":{"line":28,"column":21},"end":{"line":28,"column":55}},"2":{"start":{"line":31,"column":21},"end":{"line":33,"column":3}},"3":{"start":{"line":36,"column":4},"end":{"line":36,"column":30}},"4":{"start":{"line":40,"column":4},"end":{"line":44,"column":5}},"5":{"start":{"line":48,"column":34},"end":{"line":49,"column":62}},"6":{"start":{"line":49,"column":2},"end":{"line":49,"column":62}}},"fnMap":{"0":{"name":"(anonymous_0)","decl":{"start":{"line":35,"column":2},"end":{"line":35,"column":3}},"loc":{"start":{"line":35,"column":22},"end":{"line":37,"column":3}},"line":35},"1":{"name":"(anonymous_1)","decl":{"start":{"line":39,"column":2},"end":{"line":39,"column":3}},"loc":{"start":{"line":39,"column":11},"end":{"line":45,"column":3}},"line":39},"2":{"name":"(anonymous_2)","decl":{"start":{"line":48,"column":34},"end":{"line":48,"column":35}},"loc":{"start":{"line":49,"column":2},"end":{"line":49,"column":62}},"line":49}},"branchMap":{},"s":{"0":2,"1":2,"2":2,"3":2,"4":1,"5":2,"6":1},"f":{"0":2,"1":1,"2":1},"b":{},"_coverageSchema":"43e27e138ebf9cfc5966b082cf9a028302ed4184","hash":"907fafe014be1bad96ef4895c3d2e1e70aa24f92"}
,"/Users/davesag/src/personal/IndependentReserveApp/app/screens/Splash/navigationOptions.js": {"path":"/Users/davesag/src/personal/IndependentReserveApp/app/screens/Splash/navigationOptions.js","statementMap":{},"fnMap":{},"branchMap":{},"s":{},"f":{},"b":{},"_coverageSchema":"43e27e138ebf9cfc5966b082cf9a028302ed4184","hash":"6db41ceac977f0385492342155c472051bab7975"}
,"/Users/davesag/src/personal/IndependentReserveApp/app/services/reducers.js": {"path":"/Users/davesag/src/personal/IndependentReserveApp/app/services/reducers.js","statementMap":{"0":{"start":{"line":5,"column":22},"end":{"line":7,"column":2}}},"fnMap":{},"branchMap":{},"s":{"0":1},"f":{},"b":{},"_coverageSchema":"43e27e138ebf9cfc5966b082cf9a028302ed4184","hash":"0749d255375f7ed8e726968709fc4ea4ada393f3"}
,"/Users/davesag/src/personal/IndependentReserveApp/app/services/ir/reducer.js": {"path":"/Users/davesag/src/personal/IndependentReserveApp/app/services/ir/reducer.js","statementMap":{"0":{"start":{"line":3,"column":29},"end":{"line":9,"column":1}},"1":{"start":{"line":12,"column":27},"end":{"line":17,"column":2}},"2":{"start":{"line":12,"column":37},"end":{"line":17,"column":1}},"3":{"start":{"line":21,"column":34},"end":{"line":40,"column":1}},"4":{"start":{"line":25,"column":17},"end":{"line":30,"column":3}},"5":{"start":{"line":31,"column":2},"end":{"line":39,"column":3}},"6":{"start":{"line":43,"column":31},"end":{"line":48,"column":2}},"7":{"start":{"line":43,"column":79},"end":{"line":48,"column":1}},"8":{"start":{"line":51,"column":24},"end":{"line":58,"column":2}},"9":{"start":{"line":51,"column":72},"end":{"line":58,"column":1}},"10":{"start":{"line":61,"column":31},"end":{"line":66,"column":2}},"11":{"start":{"line":61,"column":41},"end":{"line":66,"column":1}},"12":{"start":{"line":70,"column":28},"end":{"line":75,"column":2}},"13":{"start":{"line":70,"column":60},"end":{"line":75,"column":1}},"14":{"start":{"line":78,"column":25},"end":{"line":85,"column":2}},"15":{"start":{"line":78,"column":35},"end":{"line":85,"column":1}},"16":{"start":{"line":88,"column":32},"end":{"line":93,"column":2}},"17":{"start":{"line":88,"column":42},"end":{"line":93,"column":1}},"18":{"start":{"line":96,"column":29},"end":{"line":101,"column":2}},"19":{"start":{"line":96,"column":61},"end":{"line":101,"column":1}},"20":{"start":{"line":103,"column":24},"end":{"line":113,"column":1}}},"fnMap":{"0":{"name":"(anonymous_0)","decl":{"start":{"line":12,"column":27},"end":{"line":12,"column":28}},"loc":{"start":{"line":12,"column":37},"end":{"line":17,"column":1}},"line":12},"1":{"name":"(anonymous_1)","decl":{"start":{"line":21,"column":34},"end":{"line":21,"column":35}},"loc":{"start":{"line":24,"column":5},"end":{"line":40,"column":1}},"line":24},"2":{"name":"(anonymous_2)","decl":{"start":{"line":43,"column":31},"end":{"line":43,"column":32}},"loc":{"start":{"line":43,"column":79},"end":{"line":48,"column":1}},"line":43},"3":{"name":"(anonymous_3)","decl":{"start":{"line":51,"column":24},"end":{"line":51,"column":25}},"loc":{"start":{"line":51,"column":72},"end":{"line":58,"column":1}},"line":51},"4":{"name":"(anonymous_4)","decl":{"start":{"line":61,"column":31},"end":{"line":61,"column":32}},"loc":{"start":{"line":61,"column":41},"end":{"line":66,"column":1}},"line":61},"5":{"name":"(anonymous_5)","decl":{"start":{"line":70,"column":28},"end":{"line":70,"column":29}},"loc":{"start":{"line":70,"column":60},"end":{"line":75,"column":1}},"line":70},"6":{"name":"(anonymous_6)","decl":{"start":{"line":78,"column":25},"end":{"line":78,"column":26}},"loc":{"start":{"line":78,"column":35},"end":{"line":85,"column":1}},"line":78},"7":{"name":"(anonymous_7)","decl":{"start":{"line":88,"column":32},"end":{"line":88,"column":33}},"loc":{"start":{"line":88,"column":42},"end":{"line":93,"column":1}},"line":88},"8":{"name":"(anonymous_8)","decl":{"start":{"line":96,"column":29},"end":{"line":96,"column":30}},"loc":{"start":{"line":96,"column":61},"end":{"line":101,"column":1}},"line":96}},"branchMap":{"0":{"loc":{"start":{"line":31,"column":9},"end":{"line":39,"column":3}},"type":"cond-expr","locations":[{"start":{"line":31,"column":19},"end":{"line":35,"column":3}},{"start":{"line":35,"column":6},"end":{"line":39,"column":3}}],"line":31},"1":{"loc":{"start":{"line":47,"column":11},"end":{"line":47,"column":42}},"type":"cond-expr","locations":[{"start":{"line":47,"column":21},"end":{"line":47,"column":34}},{"start":{"line":47,"column":37},"end":{"line":47,"column":42}}],"line":47}},"s":{"0":2,"1":2,"2":1,"3":2,"4":2,"5":2,"6":2,"7":2,"8":2,"9":1,"10":2,"11":1,"12":2,"13":1,"14":2,"15":1,"16":2,"17":1,"18":2,"19":1,"20":2},"f":{"0":1,"1":2,"2":2,"3":1,"4":1,"5":1,"6":1,"7":1,"8":1},"b":{"0":[1,1],"1":[1,1]},"_coverageSchema":"43e27e138ebf9cfc5966b082cf9a028302ed4184","hash":"66025365999bf1031b999fe22d9bc0c08477b766"}
,"/Users/davesag/src/personal/IndependentReserveApp/app/services/ir/saga.js": {"path":"/Users/davesag/src/personal/IndependentReserveApp/app/services/ir/saga.js","statementMap":{"0":{"start":{"line":15,"column":19},"end":{"line":15,"column":29}},"1":{"start":{"line":25,"column":4},"end":{"line":54,"column":5}},"2":{"start":{"line":27,"column":8},"end":{"line":32,"column":9}},"3":{"start":{"line":28,"column":10},"end":{"line":28,"column":41}},"4":{"start":{"line":29,"column":10},"end":{"line":29,"column":45}},"5":{"start":{"line":31,"column":10},"end":{"line":31,"column":41}},"6":{"start":{"line":35,"column":8},"end":{"line":42,"column":9}},"7":{"start":{"line":37,"column":10},"end":{"line":37,"column":38}},"8":{"start":{"line":38,"column":10},"end":{"line":38,"column":42}},"9":{"start":{"line":39,"column":10},"end":{"line":39,"column":38}},"10":{"start":{"line":41,"column":10},"end":{"line":41,"column":38}},"11":{"start":{"line":45,"column":8},"end":{"line":50,"column":9}},"12":{"start":{"line":46,"column":10},"end":{"line":46,"column":36}},"13":{"start":{"line":47,"column":10},"end":{"line":47,"column":39}},"14":{"start":{"line":49,"column":10},"end":{"line":49,"column":39}},"15":{"start":{"line":53,"column":8},"end":{"line":53,"column":13}},"16":{"start":{"line":58,"column":4},"end":{"line":58,"column":72}},"17":{"start":{"line":61,"column":2},"end":{"line":61,"column":28}}},"fnMap":{"0":{"name":"(anonymous_0)","decl":{"start":{"line":21,"column":15},"end":{"line":21,"column":16}},"loc":{"start":{"line":21,"column":21},"end":{"line":62,"column":1}},"line":21},"1":{"name":"worker","decl":{"start":{"line":22,"column":12},"end":{"line":22,"column":18}},"loc":{"start":{"line":22,"column":29},"end":{"line":55,"column":3}},"line":22},"2":{"name":"watcher","decl":{"start":{"line":57,"column":12},"end":{"line":57,"column":19}},"loc":{"start":{"line":57,"column":22},"end":{"line":59,"column":3}},"line":57}},"branchMap":{"0":{"loc":{"start":{"line":25,"column":4},"end":{"line":54,"column":5}},"type":"switch","locations":[{"start":{"line":26,"column":6},"end":{"line":33,"column":40}},{"start":{"line":34,"column":6},"end":{"line":43,"column":40}},{"start":{"line":44,"column":6},"end":{"line":51,"column":40}},{"start":{"line":52,"column":6},"end":{"line":53,"column":13}}],"line":25}},"s":{"0":2,"1":7,"2":2,"3":2,"4":1,"5":1,"6":2,"7":2,"8":2,"9":1,"10":1,"11":2,"12":2,"13":1,"14":1,"15":1,"16":2,"17":2},"f":{"0":2,"1":7,"2":2},"b":{"0":[2,2,2,1]},"_coverageSchema":"43e27e138ebf9cfc5966b082cf9a028302ed4184","hash":"301e1a5d92632448bda4da7c2f42d019d6d0fbd0"}
,"/Users/davesag/src/personal/IndependentReserveApp/app/utils/makeNavigationOptions.js": {"path":"/Users/davesag/src/personal/IndependentReserveApp/app/utils/makeNavigationOptions.js","statementMap":{"0":{"start":{"line":1,"column":30},"end":{"line":5,"column":2}},"1":{"start":{"line":1,"column":83},"end":{"line":5,"column":2}},"2":{"start":{"line":1,"column":90},"end":{"line":5,"column":1}},"3":{"start":{"line":7,"column":0},"end":{"line":7,"column":38}}},"fnMap":{"0":{"name":"(anonymous_0)","decl":{"start":{"line":1,"column":30},"end":{"line":1,"column":31}},"loc":{"start":{"line":1,"column":83},"end":{"line":5,"column":2}},"line":1},"1":{"name":"(anonymous_1)","decl":{"start":{"line":1,"column":83},"end":{"line":1,"column":84}},"loc":{"start":{"line":1,"column":90},"end":{"line":5,"column":1}},"line":1}},"branchMap":{"0":{"loc":{"start":{"line":1,"column":31},"end":{"line":1,"column":78}},"type":"default-arg","locations":[{"start":{"line":1,"column":76},"end":{"line":1,"column":78}}],"line":1},"1":{"loc":{"start":{"line":1,"column":33},"end":{"line":1,"column":46}},"type":"default-arg","locations":[{"start":{"line":1,"column":42},"end":{"line":1,"column":46}}],"line":1},"2":{"loc":{"start":{"line":1,"column":48},"end":{"line":1,"column":60}},"type":"default-arg","locations":[{"start":{"line":1,"column":56},"end":{"line":1,"column":60}}],"line":1}},"s":{"0":4,"1":6,"2":4,"3":4},"f":{"0":6,"1":4},"b":{"0":[4],"1":[4],"2":[4]},"_coverageSchema":"43e27e138ebf9cfc5966b082cf9a028302ed4184","hash":"e9a60ce0f0438e7a31dd76bfc6a74e6446914b5c"}
}
